----------------------------------------
12-Aug-17 23:45:10
 
 request url:https://us16.api.mailchimp.com/3.0/lists/e1b87c8fbe/members?apikey=778bcf775bb8bbaf2c2e8d0c9dde678c
 
 Information 
 Information 
  
 1308 
 C:\otherProject\WRS_Data_Migration\WRSDataMigration\MailChimpBatch\bin\Debug\MailChimpBatch.vshost.exe 

----------------------------------------
----------------------------------------
12-Aug-17 23:46:09
 
 request url:https://us16.api.mailchimp.com/3.0/lists/e1b87c8fbe/members?apikey=778bcf775bb8bbaf2c2e8d0c9dde678c
 
 Information 
 Information 
  
 10044 
 C:\otherProject\WRS_Data_Migration\WRSDataMigration\MailChimpBatch\bin\Debug\MailChimpBatch.vshost.exe 

----------------------------------------
----------------------------------------
13-Aug-17 00:15:25
 
 request url:https://us16.api.mailchimp.com/3.0/lists/e1b87c8fbe/members?apikey=778bcf775bb8bbaf2c2e8d0c9dde678c&since_last_changed=2017-08-11 23:15:20
 
 Information 
 Information 
  
 1196 
 C:\otherProject\WRS_Data_Migration\WRSDataMigration\MailChimpBatch\bin\Debug\MailChimpBatch.vshost.exe 

----------------------------------------
----------------------------------------
13-Aug-17 00:33:25
 
 request url:https://us16.api.mailchimp.com/3.0/lists/e1b87c8fbe/members?apikey=778bcf775bb8bbaf2c2e8d0c9dde678c
 
 Information 
 Information 
  
 3536 
 C:\otherProject\WRS_Data_Migration\WRSDataMigration\MailChimpBatch\bin\Debug\MailChimpBatch.vshost.exe 

----------------------------------------
