----------------------------------------
17-Aug-17 21:03:35
 
 request url:https://us16.api.mailchimp.com/3.0/lists/c987155bff/members?apikey=778bcf775bb8bbaf2c2e8d0c9dde678c&count=1
 
 Information 
 Information 
  
 8404 
 C:\otherProject\WRS_Data_Migration\WRSDataMigration\MailChimpBatch\bin\Debug\MailChimpBatch.vshost.exe 

----------------------------------------
----------------------------------------
17-Aug-17 21:04:16
 
 request url:https://us16.api.mailchimp.com/3.0/lists/c987155bff/members?apikey=778bcf775bb8bbaf2c2e8d0c9dde678c&count=1
 
 Information 
 Information 
  
 4424 
 C:\otherProject\WRS_Data_Migration\WRSDataMigration\MailChimpBatch\bin\Debug\MailChimpBatch.vshost.exe 

----------------------------------------
----------------------------------------
17-Aug-17 21:05:52
 
 request url:https://us16.api.mailchimp.com/3.0/lists/c987155bff/members?apikey=778bcf775bb8bbaf2c2e8d0c9dde678c&count=1
 
 Information 
 Information 
  
 12468 
 C:\otherProject\WRS_Data_Migration\WRSDataMigration\MailChimpBatch\bin\Debug\MailChimpBatch.vshost.exe 

----------------------------------------
----------------------------------------
17-Aug-17 21:05:55
 
 request url:https://us16.api.mailchimp.com/3.0/lists/c987155bff/members?apikey=778bcf775bb8bbaf2c2e8d0c9dde678c&offset=0&count=2000
 
 Information 
 Information 
  
 12468 
 C:\otherProject\WRS_Data_Migration\WRSDataMigration\MailChimpBatch\bin\Debug\MailChimpBatch.vshost.exe 

----------------------------------------
