----------------------------------------
15-Aug-17 12:43:16
 
 request url:https://us16.api.mailchimp.com/3.0/lists/c987155bff/members?apikey=778bcf775bb8bbaf2c2e8d0c9dde678c&since_last_changed=2017-08-14 11:43:15
 
 Information 
 Information 
  
 13556 
 C:\otherProject\WRS_Data_Migration\WRSDataMigration\MailChimpBatch\bin\Debug\MailChimpBatch.vshost.exe 

----------------------------------------
----------------------------------------
15-Aug-17 13:00:08
 
 request url:https://us16.api.mailchimp.com/3.0/lists/c987155bff/members?apikey=778bcf775bb8bbaf2c2e8d0c9dde678c&since_last_changed=2017-08-14 12:00:08
 
 Information 
 Information 
  
 13164 
 C:\otherProject\WRS_Data_Migration\WRSDataMigration\MailChimpBatch\bin\Debug\MailChimpBatch.vshost.exe 

----------------------------------------
----------------------------------------
15-Aug-17 13:01:51
 
 request url:https://us16.api.mailchimp.com/3.0/lists/c987155bff/members?apikey=778bcf775bb8bbaf2c2e8d0c9dde678c&since_last_changed=2017-08-14 12:01:51
 
 Information 
 Information 
  
 6160 
 C:\otherProject\WRS_Data_Migration\WRSDataMigration\MailChimpBatch\bin\Debug\MailChimpBatch.vshost.exe 

----------------------------------------
----------------------------------------
15-Aug-17 13:04:26
 
 request url:https://us16.api.mailchimp.com/3.0/lists/c987155bff/members?apikey=778bcf775bb8bbaf2c2e8d0c9dde678c&since_last_changed=2017-08-14 12:04:26
 
 Information 
 Information 
  
 15556 
 C:\otherProject\WRS_Data_Migration\WRSDataMigration\MailChimpBatch\bin\Debug\MailChimpBatch.vshost.exe 

----------------------------------------
----------------------------------------
15-Aug-17 13:06:59
 
 request url:https://us16.api.mailchimp.com/3.0/lists/c987155bff/members?apikey=778bcf775bb8bbaf2c2e8d0c9dde678c&since_last_changed=2017-08-14 12:06:59
 
 Information 
 Information 
  
 6156 
 C:\otherProject\WRS_Data_Migration\WRSDataMigration\MailChimpBatch\bin\Debug\MailChimpBatch.vshost.exe 

----------------------------------------
----------------------------------------
15-Aug-17 13:08:19
 
 request url:https://us16.api.mailchimp.com/3.0/lists/c987155bff/members?apikey=778bcf775bb8bbaf2c2e8d0c9dde678c&since_last_changed=2017-08-14 12:08:19
 
 Information 
 Information 
  
 15820 
 C:\otherProject\WRS_Data_Migration\WRSDataMigration\MailChimpBatch\bin\Debug\MailChimpBatch.vshost.exe 

----------------------------------------
