----------------------------------------
15-Aug-17 11:36:24
 
 request url:https://us16.api.mailchimp.com/3.0/lists/c987155bff/members?apikey=778bcf775bb8bbaf2c2e8d0c9dde678c&since_last_changed=2017-08-14 10:35:59
 
 Information 
 Information 
  
 280 
 C:\otherProject\WRS_Data_Migration\WRSDataMigration\MailChimpBatch\bin\Debug\MailChimpBatch.vshost.exe 

----------------------------------------
----------------------------------------
15-Aug-17 11:39:10
 
 request url:https://us16.api.mailchimp.com/3.0/lists/c987155bff/members?apikey=778bcf775bb8bbaf2c2e8d0c9dde678c&since_last_changed=2017-08-14 10:39:10
 
 Information 
 Information 
  
 4744 
 C:\otherProject\WRS_Data_Migration\WRSDataMigration\MailChimpBatch\bin\Debug\MailChimpBatch.vshost.exe 

----------------------------------------
----------------------------------------
15-Aug-17 11:41:16
 
 request url:https://us16.api.mailchimp.com/3.0/lists/c987155bff/members?apikey=778bcf775bb8bbaf2c2e8d0c9dde678c&since_last_changed=2017-08-14 10:41:16
 
 Information 
 Information 
  
 12760 
 C:\otherProject\WRS_Data_Migration\WRSDataMigration\MailChimpBatch\bin\Debug\MailChimpBatch.vshost.exe 

----------------------------------------
----------------------------------------
15-Aug-17 11:43:04
 
 request url:https://us16.api.mailchimp.com/3.0/lists/c987155bff/members?apikey=778bcf775bb8bbaf2c2e8d0c9dde678c&since_last_changed=2017-08-14 10:43:04
 
 Information 
 Information 
  
 6080 
 C:\otherProject\WRS_Data_Migration\WRSDataMigration\MailChimpBatch\bin\Debug\MailChimpBatch.vshost.exe 

----------------------------------------
