----------------------------------------
18-Aug-17 00:39:01
 
 request url:https://us16.api.mailchimp.com/3.0/lists/c987155bff/members?apikey=778bcf775bb8bbaf2c2e8d0c9dde678c&count=1
 
 Information 
 Information 
  
 7244 
 C:\otherProject\WRS_Data_Migration\WRSDataMigration\MailChimpBatch\bin\Debug\MailChimpBatch.vshost.exe 

----------------------------------------
----------------------------------------
18-Aug-17 00:39:04
 
 request url:https://us16.api.mailchimp.com/3.0/lists/c987155bff/members?apikey=778bcf775bb8bbaf2c2e8d0c9dde678c&offset=0&count=5
 
 Information 
 Information 
  
 7244 
 C:\otherProject\WRS_Data_Migration\WRSDataMigration\MailChimpBatch\bin\Debug\MailChimpBatch.vshost.exe 

----------------------------------------
----------------------------------------
18-Aug-17 00:40:22
 
 request url:https://us16.api.mailchimp.com/3.0/lists/c987155bff/members?apikey=778bcf775bb8bbaf2c2e8d0c9dde678c&count=1
 
 Information 
 Information 
  
 5532 
 C:\otherProject\WRS_Data_Migration\WRSDataMigration\MailChimpBatch\bin\Debug\MailChimpBatch.vshost.exe 

----------------------------------------
----------------------------------------
18-Aug-17 00:40:24
 
 request url:https://us16.api.mailchimp.com/3.0/lists/c987155bff/members?apikey=778bcf775bb8bbaf2c2e8d0c9dde678c&offset=0&count=5
 
 Information 
 Information 
  
 5532 
 C:\otherProject\WRS_Data_Migration\WRSDataMigration\MailChimpBatch\bin\Debug\MailChimpBatch.vshost.exe 

----------------------------------------
