----------------------------------------
Timestamp: 05-Feb-18 18:43:36

Message: Newtonsoft.Json.JsonReaderException: Error parsing boolean value. Path '', line 0, position 0.
   at Newtonsoft.Json.JsonTextReader.ParseFalse()
   at Newtonsoft.Json.JsonTextReader.ParseValue()
   at Newtonsoft.Json.JsonTextReader.ReadInternal()
   at Newtonsoft.Json.JsonTextReader.Read()
   at Newtonsoft.Json.Serialization.JsonSerializerInternalReader.ReadForType(JsonReader reader, JsonContract contract, Boolean hasConverter)
   at Newtonsoft.Json.Serialization.JsonSerializerInternalReader.Deserialize(JsonReader reader, Type objectType, Boolean checkAdditionalContent)
   at Newtonsoft.Json.JsonSerializer.DeserializeInternal(JsonReader reader, Type objectType)
   at Newtonsoft.Json.JsonConvert.DeserializeObject(String value, Type type, JsonSerializerSettings settings)
   at Newtonsoft.Json.JsonConvert.DeserializeObject[T](String value, JsonSerializerSettings settings)
   at Newtonsoft.Json.JsonConvert.DeserializeObject[T](String value)
   at WRS.CRMInterface.WebAPI.Controllers.CRMInterfaceController.UpdateProductPublish() in D:\Organizations\Wildlife Reserves SG\Source Code\WRS Web API\WRS_Data_Migration\WRSDataMigration\WRS.CRMInterface.WebAPI\Controllers\CRMInterfaceController.cs:line 33

Category: Exception

Severity: Error

Title:WRSDataMigration Exception Handling

Machine: NCS-060916JT03

App Domain: /LM/W3SVC/2/ROOT-1-131623008650162462

ProcessId: 12160

Process Name: C:\Program Files (x86)\IIS Express\iisexpress.exe

Extended Properties: 
----------------------------------------
----------------------------------------
Timestamp: 05-Feb-18 18:45:10

Message: Newtonsoft.Json.JsonReaderException: Error parsing boolean value. Path '', line 0, position 0.
   at Newtonsoft.Json.JsonTextReader.ParseFalse()
   at Newtonsoft.Json.JsonTextReader.ParseValue()
   at Newtonsoft.Json.JsonTextReader.ReadInternal()
   at Newtonsoft.Json.JsonTextReader.Read()
   at Newtonsoft.Json.Serialization.JsonSerializerInternalReader.ReadForType(JsonReader reader, JsonContract contract, Boolean hasConverter)
   at Newtonsoft.Json.Serialization.JsonSerializerInternalReader.Deserialize(JsonReader reader, Type objectType, Boolean checkAdditionalContent)
   at Newtonsoft.Json.JsonSerializer.DeserializeInternal(JsonReader reader, Type objectType)
   at Newtonsoft.Json.JsonConvert.DeserializeObject(String value, Type type, JsonSerializerSettings settings)
   at Newtonsoft.Json.JsonConvert.DeserializeObject[T](String value, JsonSerializerSettings settings)
   at Newtonsoft.Json.JsonConvert.DeserializeObject[T](String value)
   at WRS.CRMInterface.WebAPI.Controllers.CRMInterfaceController.UpdateProductPublish() in D:\Organizations\Wildlife Reserves SG\Source Code\WRS Web API\WRS_Data_Migration\WRSDataMigration\WRS.CRMInterface.WebAPI\Controllers\CRMInterfaceController.cs:line 33

Category: Exception

Severity: Error

Title:WRSDataMigration Exception Handling

Machine: NCS-060916JT03

App Domain: /LM/W3SVC/2/ROOT-1-131623008650162462

ProcessId: 12160

Process Name: C:\Program Files (x86)\IIS Express\iisexpress.exe

Extended Properties: 
----------------------------------------
----------------------------------------
Timestamp: 05-Feb-18 18:51:05

Message: Newtonsoft.Json.JsonReaderException: Error parsing boolean value. Path '', line 0, position 0.
   at Newtonsoft.Json.JsonTextReader.ParseFalse()
   at Newtonsoft.Json.JsonTextReader.ParseValue()
   at Newtonsoft.Json.JsonTextReader.ReadInternal()
   at Newtonsoft.Json.JsonTextReader.Read()
   at Newtonsoft.Json.Serialization.JsonSerializerInternalReader.ReadForType(JsonReader reader, JsonContract contract, Boolean hasConverter)
   at Newtonsoft.Json.Serialization.JsonSerializerInternalReader.Deserialize(JsonReader reader, Type objectType, Boolean checkAdditionalContent)
   at Newtonsoft.Json.JsonSerializer.DeserializeInternal(JsonReader reader, Type objectType)
   at Newtonsoft.Json.JsonConvert.DeserializeObject(String value, Type type, JsonSerializerSettings settings)
   at Newtonsoft.Json.JsonConvert.DeserializeObject[T](String value, JsonSerializerSettings settings)
   at Newtonsoft.Json.JsonConvert.DeserializeObject[T](String value)
   at WRS.CRMInterface.WebAPI.Controllers.CRMInterfaceController.UpdateProductPublish() in D:\Organizations\Wildlife Reserves SG\Source Code\WRS Web API\WRS_Data_Migration\WRSDataMigration\WRS.CRMInterface.WebAPI\Controllers\CRMInterfaceController.cs:line 33

Category: Exception

Severity: Error

Title:WRSDataMigration Exception Handling

Machine: NCS-060916JT03

App Domain: /LM/W3SVC/2/ROOT-1-131623008650162462

ProcessId: 12160

Process Name: C:\Program Files (x86)\IIS Express\iisexpress.exe

Extended Properties: 
----------------------------------------
----------------------------------------
Timestamp: 05-Feb-18 19:09:53

Message: Newtonsoft.Json.JsonReaderException: Unexpected character encountered while parsing value: a. Path '', line 0, position 0.
   at Newtonsoft.Json.JsonTextReader.ParseValue()
   at Newtonsoft.Json.JsonTextReader.ReadInternal()
   at Newtonsoft.Json.JsonTextReader.Read()
   at Newtonsoft.Json.Serialization.JsonSerializerInternalReader.ReadForType(JsonReader reader, JsonContract contract, Boolean hasConverter)
   at Newtonsoft.Json.Serialization.JsonSerializerInternalReader.Deserialize(JsonReader reader, Type objectType, Boolean checkAdditionalContent)
   at Newtonsoft.Json.JsonSerializer.DeserializeInternal(JsonReader reader, Type objectType)
   at Newtonsoft.Json.JsonConvert.DeserializeObject(String value, Type type, JsonSerializerSettings settings)
   at Newtonsoft.Json.JsonConvert.DeserializeObject[T](String value, JsonSerializerSettings settings)
   at Newtonsoft.Json.JsonConvert.DeserializeObject[T](String value)
   at WRS.CRMInterface.WebAPI.Controllers.CRMInterfaceController.UpdateProductPublish() in D:\Organizations\Wildlife Reserves SG\Source Code\WRS Web API\WRS_Data_Migration\WRSDataMigration\WRS.CRMInterface.WebAPI\Controllers\CRMInterfaceController.cs:line 33

Category: Exception

Severity: Error

Title:WRSDataMigration Exception Handling

Machine: NCS-060916JT03

App Domain: /LM/W3SVC/2/ROOT-1-131623008650162462

ProcessId: 12160

Process Name: C:\Program Files (x86)\IIS Express\iisexpress.exe

Extended Properties: 
----------------------------------------
